InnoDB: using atomic writes.
2020-12-10 15:44:12 0 [Note] InnoDB: Mutexes and rw_locks use Windows interlocked functions
2020-12-10 15:44:12 0 [Note] InnoDB: Uses event mutexes
2020-12-10 15:44:12 0 [Note] InnoDB: Compressed tables use zlib 1.2.11
2020-12-10 15:44:12 0 [Note] InnoDB: Number of pools: 1
2020-12-10 15:44:12 0 [Note] InnoDB: Using SSE2 crc32 instructions
2020-12-10 15:44:12 0 [Note] InnoDB: Initializing buffer pool, total size = 16M, instances = 1, chunk size = 16M
2020-12-10 15:44:12 0 [Note] InnoDB: Completed initialization of buffer pool
2020-12-10 15:44:12 0 [Note] InnoDB: Starting crash recovery from checkpoint LSN=300288
2020-12-10 15:44:12 0 [Note] InnoDB: 128 out of 128 rollback segments are active.
2020-12-10 15:44:12 0 [Note] InnoDB: Removed temporary tablespace data file: "ibtmp1"
2020-12-10 15:44:12 0 [Note] InnoDB: Creating shared tablespace for temporary tables
2020-12-10 15:44:12 0 [Note] InnoDB: Setting file 'C:\xampp\mysql\data\ibtmp1' size to 12 MB. Physically writing the file full; Please wait ...
2020-12-10 15:44:12 0 [Note] InnoDB: File 'C:\xampp\mysql\data\ibtmp1' size is now 12 MB.
2020-12-10 15:44:12 0 [Note] InnoDB: Waiting for purge to start
2020-12-10 15:44:12 0 [Note] InnoDB: 10.4.17 started; log sequence number 300297; transaction id 170
2020-12-10 15:44:12 0 [Note] InnoDB: Loading buffer pool(s) from C:\xampp\mysql\data\ib_buffer_pool
2020-12-10 15:44:12 0 [Note] Plugin 'FEEDBACK' is disabled.
2020-12-10 15:44:12 0 [Note] InnoDB: Buffer pool(s) load completed at 201210 15:44:12
2020-12-10 15:44:12 0 [Note] Server socket created on IP: '::'.
InnoDB: using atomic writes.
2020-12-10 17:29:35 0 [Note] InnoDB: Mutexes and rw_locks use Windows interlocked functions
2020-12-10 17:29:35 0 [Note] InnoDB: Uses event mutexes
2020-12-10 17:29:35 0 [Note] InnoDB: Compressed tables use zlib 1.2.11
2020-12-10 17:29:35 0 [Note] InnoDB: Number of pools: 1
2020-12-10 17:29:35 0 [Note] InnoDB: Using SSE2 crc32 instructions
2020-12-10 17:29:35 0 [Note] InnoDB: Initializing buffer pool, total size = 16M, instances = 1, chunk size = 16M
2020-12-10 17:29:35 0 [Note] InnoDB: Completed initialization of buffer pool
2020-12-10 17:29:35 0 [Note] InnoDB: Starting crash recovery from checkpoint LSN=300638
2020-12-10 17:29:36 0 [Note] InnoDB: 128 out of 128 rollback segments are active.
2020-12-10 17:29:36 0 [Note] InnoDB: Removed temporary tablespace data file: "ibtmp1"
2020-12-10 17:29:36 0 [Note] InnoDB: Creating shared tablespace for temporary tables
2020-12-10 17:29:36 0 [Note] InnoDB: Setting file 'C:\xampp\mysql\data\ibtmp1' size to 12 MB. Physically writing the file full; Please wait ...
2020-12-10 17:29:36 0 [Note] InnoDB: File 'C:\xampp\mysql\data\ibtmp1' size is now 12 MB.
2020-12-10 17:29:36 0 [Note] InnoDB: Waiting for purge to start
2020-12-10 17:29:36 0 [Note] InnoDB: 10.4.17 started; log sequence number 300647; transaction id 193
2020-12-10 17:29:36 0 [Note] InnoDB: Loading buffer pool(s) from C:\xampp\mysql\data\ib_buffer_pool
2020-12-10 17:29:36 0 [Note] Plugin 'FEEDBACK' is disabled.
2020-12-10 17:29:36 0 [Note] InnoDB: Buffer pool(s) load completed at 201210 17:29:36
2020-12-10 17:29:36 0 [Note] Server socket created on IP: '::'.
2020-12-10 19:31:47 0 [Note] mysqld.exe: Aria engine: starting recovery
recovered pages: 0% 31% 42% 100% (0.0 seconds); tables to flush: 1 0
 (0.0 seconds); 
2020-12-10 19:31:47 0 [Note] mysqld.exe: Aria engine: recovery done
InnoDB: using atomic writes.
2020-12-10 19:31:47 0 [Note] InnoDB: Mutexes and rw_locks use Windows interlocked functions
2020-12-10 19:31:47 0 [Note] InnoDB: Uses event mutexes
2020-12-10 19:31:47 0 [Note] InnoDB: Compressed tables use zlib 1.2.11
2020-12-10 19:31:47 0 [Note] InnoDB: Number of pools: 1
2020-12-10 19:31:47 0 [Note] InnoDB: Using SSE2 crc32 instructions
2020-12-10 19:31:47 0 [Note] InnoDB: Initializing buffer pool, total size = 16M, instances = 1, chunk size = 16M
2020-12-10 19:31:47 0 [Note] InnoDB: Completed initialization of buffer pool
2020-12-10 19:31:47 0 [Note] InnoDB: Starting crash recovery from checkpoint LSN=310090
2020-12-10 19:31:47 0 [Note] InnoDB: 128 out of 128 rollback segments are active.
2020-12-10 19:31:47 0 [Note] InnoDB: Removed temporary tablespace data file: "ibtmp1"
2020-12-10 19:31:47 0 [Note] InnoDB: Creating shared tablespace for temporary tables
2020-12-10 19:31:47 0 [Note] InnoDB: Setting file 'C:\xampp\mysql\data\ibtmp1' size to 12 MB. Physically writing the file full; Please wait ...
2020-12-10 19:31:47 0 [Note] InnoDB: File 'C:\xampp\mysql\data\ibtmp1' size is now 12 MB.
2020-12-10 19:31:47 0 [Note] InnoDB: Waiting for purge to start
2020-12-10 19:31:47 0 [Note] InnoDB: 10.4.17 started; log sequence number 310099; transaction id 224
2020-12-10 19:31:47 0 [Note] InnoDB: Loading buffer pool(s) from C:\xampp\mysql\data\ib_buffer_pool
2020-12-10 19:31:47 0 [Note] Plugin 'FEEDBACK' is disabled.
2020-12-10 19:31:47 0 [Note] Server socket created on IP: '::'.
InnoDB: using atomic writes.
2020-12-11 21:50:00 0 [Note] InnoDB: Mutexes and rw_locks use Windows interlocked functions
2020-12-11 21:50:00 0 [Note] InnoDB: Uses event mutexes
2020-12-11 21:50:00 0 [Note] InnoDB: Compressed tables use zlib 1.2.11
2020-12-11 21:50:00 0 [Note] InnoDB: Number of pools: 1
2020-12-11 21:50:00 0 [Note] InnoDB: Using SSE2 crc32 instructions
2020-12-11 21:50:00 0 [Note] InnoDB: Initializing buffer pool, total size = 16M, instances = 1, chunk size = 16M
2020-12-11 21:50:00 0 [Note] InnoDB: Completed initialization of buffer pool
2020-12-11 21:50:01 0 [Note] InnoDB: Starting crash recovery from checkpoint LSN=310108
2020-12-11 21:50:01 0 [Note] InnoDB: 128 out of 128 rollback segments are active.
2020-12-11 21:50:01 0 [Note] InnoDB: Removed temporary tablespace data file: "ibtmp1"
2020-12-11 21:50:01 0 [Note] InnoDB: Creating shared tablespace for temporary tables
2020-12-11 21:50:01 0 [Note] InnoDB: Setting file 'C:\xampp\mysql\data\ibtmp1' size to 12 MB. Physically writing the file full; Please wait ...
2020-12-11 21:50:01 0 [Note] InnoDB: File 'C:\xampp\mysql\data\ibtmp1' size is now 12 MB.
2020-12-11 21:50:01 0 [Note] InnoDB: Waiting for purge to start
2020-12-11 21:50:01 0 [Note] InnoDB: 10.4.17 started; log sequence number 310117; transaction id 224
2020-12-11 21:50:01 0 [Note] InnoDB: Loading buffer pool(s) from C:\xampp\mysql\data\ib_buffer_pool
2020-12-11 21:50:01 0 [Note] Plugin 'FEEDBACK' is disabled.
2020-12-11 21:50:01 0 [Note] InnoDB: Buffer pool(s) load completed at 201211 21:50:01
2020-12-11 21:50:01 0 [Note] Server socket created on IP: '::'.
InnoDB: using atomic writes.
2020-12-15 21:33:10 0 [Note] InnoDB: Mutexes and rw_locks use Windows interlocked functions
2020-12-15 21:33:10 0 [Note] InnoDB: Uses event mutexes
2020-12-15 21:33:10 0 [Note] InnoDB: Compressed tables use zlib 1.2.11
2020-12-15 21:33:10 0 [Note] InnoDB: Number of pools: 1
2020-12-15 21:33:10 0 [Note] InnoDB: Using SSE2 crc32 instructions
2020-12-15 21:33:10 0 [Note] InnoDB: Initializing buffer pool, total size = 16M, instances = 1, chunk size = 16M
2020-12-15 21:33:10 0 [Note] InnoDB: Completed initialization of buffer pool
2020-12-15 21:33:10 0 [Note] InnoDB: Starting crash recovery from checkpoint LSN=310126
2020-12-15 21:33:10 0 [Note] InnoDB: 128 out of 128 rollback segments are active.
2020-12-15 21:33:10 0 [Note] InnoDB: Removed temporary tablespace data file: "ibtmp1"
2020-12-15 21:33:10 0 [Note] InnoDB: Creating shared tablespace for temporary tables
2020-12-15 21:33:10 0 [Note] InnoDB: Setting file 'C:\xampp\mysql\data\ibtmp1' size to 12 MB. Physically writing the file full; Please wait ...
2020-12-15 21:33:10 0 [Note] InnoDB: File 'C:\xampp\mysql\data\ibtmp1' size is now 12 MB.
2020-12-15 21:33:10 0 [Note] InnoDB: Waiting for purge to start
2020-12-15 21:33:10 0 [Note] InnoDB: 10.4.17 started; log sequence number 310135; transaction id 224
2020-12-15 21:33:10 0 [Note] InnoDB: Loading buffer pool(s) from C:\xampp\mysql\data\ib_buffer_pool
2020-12-15 21:33:10 0 [Note] Plugin 'FEEDBACK' is disabled.
2020-12-15 21:33:10 0 [Note] InnoDB: Buffer pool(s) load completed at 201215 21:33:10
2020-12-15 21:33:10 0 [Note] Server socket created on IP: '::'.
InnoDB: using atomic writes.
2020-12-17 21:42:17 0 [Note] InnoDB: Mutexes and rw_locks use Windows interlocked functions
2020-12-17 21:42:17 0 [Note] InnoDB: Uses event mutexes
2020-12-17 21:42:17 0 [Note] InnoDB: Compressed tables use zlib 1.2.11
2020-12-17 21:42:17 0 [Note] InnoDB: Number of pools: 1
2020-12-17 21:42:17 0 [Note] InnoDB: Using SSE2 crc32 instructions
2020-12-17 21:42:17 0 [Note] InnoDB: Initializing buffer pool, total size = 16M, instances = 1, chunk size = 16M
2020-12-17 21:42:17 0 [Note] InnoDB: Completed initialization of buffer pool
2020-12-17 21:42:17 0 [Note] InnoDB: Starting crash recovery from checkpoint LSN=330028
2020-12-17 21:42:17 0 [Note] InnoDB: 128 out of 128 rollback segments are active.
2020-12-17 21:42:17 0 [Note] InnoDB: Removed temporary tablespace data file: "ibtmp1"
2020-12-17 21:42:17 0 [Note] InnoDB: Creating shared tablespace for temporary tables
2020-12-17 21:42:17 0 [Note] InnoDB: Setting file 'C:\xampp\mysql\data\ibtmp1' size to 12 MB. Physically writing the file full; Please wait ...
2020-12-17 21:42:17 0 [Note] InnoDB: File 'C:\xampp\mysql\data\ibtmp1' size is now 12 MB.
2020-12-17 21:42:17 0 [Note] InnoDB: Waiting for purge to start
2020-12-17 21:42:17 0 [Note] InnoDB: 10.4.17 started; log sequence number 330037; transaction id 301
2020-12-17 21:42:17 0 [Note] InnoDB: Loading buffer pool(s) from C:\xampp\mysql\data\ib_buffer_pool
2020-12-17 21:42:17 0 [Note] Plugin 'FEEDBACK' is disabled.
2020-12-17 21:42:17 0 [Note] InnoDB: Buffer pool(s) load completed at 201217 21:42:17
2020-12-17 21:42:17 0 [Note] Server socket created on IP: '::'.
InnoDB: using atomic writes.
2020-12-17 23:11:48 0 [Note] InnoDB: Mutexes and rw_locks use Windows interlocked functions
2020-12-17 23:11:48 0 [Note] InnoDB: Uses event mutexes
2020-12-17 23:11:48 0 [Note] InnoDB: Compressed tables use zlib 1.2.11
2020-12-17 23:11:48 0 [Note] InnoDB: Number of pools: 1
2020-12-17 23:11:48 0 [Note] InnoDB: Using SSE2 crc32 instructions
2020-12-17 23:11:48 0 [Note] InnoDB: Initializing buffer pool, total size = 16M, instances = 1, chunk size = 16M
2020-12-17 23:11:48 0 [Note] InnoDB: Completed initialization of buffer pool
2020-12-17 23:11:48 0 [Note] InnoDB: Starting crash recovery from checkpoint LSN=330046
2020-12-17 23:11:48 0 [Note] InnoDB: 128 out of 128 rollback segments are active.
2020-12-17 23:11:48 0 [Note] InnoDB: Removed temporary tablespace data file: "ibtmp1"
2020-12-17 23:11:48 0 [Note] InnoDB: Creating shared tablespace for temporary tables
2020-12-17 23:11:48 0 [Note] InnoDB: Setting file 'C:\xampp\mysql\data\ibtmp1' size to 12 MB. Physically writing the file full; Please wait ...
2020-12-17 23:11:48 0 [Note] InnoDB: File 'C:\xampp\mysql\data\ibtmp1' size is now 12 MB.
2020-12-17 23:11:48 0 [Note] InnoDB: Waiting for purge to start
2020-12-17 23:11:48 0 [Note] InnoDB: 10.4.17 started; log sequence number 330055; transaction id 301
2020-12-17 23:11:48 0 [Note] InnoDB: Loading buffer pool(s) from C:\xampp\mysql\data\ib_buffer_pool
2020-12-17 23:11:48 0 [Note] Plugin 'FEEDBACK' is disabled.
2020-12-17 23:11:48 0 [Note] Server socket created on IP: '::'.
2020-12-17 23:11:48 0 [Note] InnoDB: Buffer pool(s) load completed at 201217 23:11:48
2020-12-17 23:49:15 0 [Note] mysqld.exe: Aria engine: starting recovery
recovered pages: 0% 100% (0.0 seconds); tables to flush: 1 0
 (0.0 seconds); 
2020-12-17 23:49:15 0 [Note] mysqld.exe: Aria engine: recovery done
InnoDB: using atomic writes.
2020-12-17 23:49:15 0 [Note] InnoDB: Mutexes and rw_locks use Windows interlocked functions
2020-12-17 23:49:15 0 [Note] InnoDB: Uses event mutexes
2020-12-17 23:49:15 0 [Note] InnoDB: Compressed tables use zlib 1.2.11
2020-12-17 23:49:15 0 [Note] InnoDB: Number of pools: 1
2020-12-17 23:49:15 0 [Note] InnoDB: Using SSE2 crc32 instructions
2020-12-17 23:49:15 0 [Note] InnoDB: Initializing buffer pool, total size = 16M, instances = 1, chunk size = 16M
2020-12-17 23:49:15 0 [Note] InnoDB: Completed initialization of buffer pool
2020-12-17 23:49:16 0 [Note] InnoDB: Starting crash recovery from checkpoint LSN=330423
2020-12-17 23:49:16 0 [Note] InnoDB: 128 out of 128 rollback segments are active.
2020-12-17 23:49:16 0 [Note] InnoDB: Removed temporary tablespace data file: "ibtmp1"
2020-12-17 23:49:16 0 [Note] InnoDB: Creating shared tablespace for temporary tables
2020-12-17 23:49:16 0 [Note] InnoDB: Setting file 'C:\xampp\mysql\data\ibtmp1' size to 12 MB. Physically writing the file full; Please wait ...
2020-12-17 23:49:16 0 [Note] InnoDB: File 'C:\xampp\mysql\data\ibtmp1' size is now 12 MB.
2020-12-17 23:49:16 0 [Note] InnoDB: Waiting for purge to start
2020-12-17 23:49:16 0 [Note] InnoDB: 10.4.17 started; log sequence number 330432; transaction id 308
2020-12-17 23:49:16 0 [Note] InnoDB: Loading buffer pool(s) from C:\xampp\mysql\data\ib_buffer_pool
2020-12-17 23:49:16 0 [Note] Plugin 'FEEDBACK' is disabled.
2020-12-17 23:49:16 0 [Note] InnoDB: Buffer pool(s) load completed at 201217 23:49:16
2020-12-17 23:49:16 0 [Note] Server socket created on IP: '::'.
InnoDB: using atomic writes.
2020-12-20 21:11:52 0 [Note] InnoDB: Mutexes and rw_locks use Windows interlocked functions
2020-12-20 21:11:52 0 [Note] InnoDB: Uses event mutexes
2020-12-20 21:11:52 0 [Note] InnoDB: Compressed tables use zlib 1.2.11
2020-12-20 21:11:52 0 [Note] InnoDB: Number of pools: 1
2020-12-20 21:11:52 0 [Note] InnoDB: Using SSE2 crc32 instructions
2020-12-20 21:11:52 0 [Note] InnoDB: Initializing buffer pool, total size = 16M, instances = 1, chunk size = 16M
2020-12-20 21:11:52 0 [Note] InnoDB: Completed initialization of buffer pool
2020-12-20 21:11:53 0 [Note] InnoDB: Starting crash recovery from checkpoint LSN=344702
2020-12-20 21:11:53 0 [Note] InnoDB: 128 out of 128 rollback segments are active.
2020-12-20 21:11:53 0 [Note] InnoDB: Removed temporary tablespace data file: "ibtmp1"
2020-12-20 21:11:53 0 [Note] InnoDB: Creating shared tablespace for temporary tables
2020-12-20 21:11:53 0 [Note] InnoDB: Setting file 'C:\xampp\mysql\data\ibtmp1' size to 12 MB. Physically writing the file full; Please wait ...
2020-12-20 21:11:53 0 [Note] InnoDB: File 'C:\xampp\mysql\data\ibtmp1' size is now 12 MB.
2020-12-20 21:11:53 0 [Note] InnoDB: Waiting for purge to start
2020-12-20 21:11:53 0 [Note] InnoDB: 10.4.17 started; log sequence number 344711; transaction id 386
2020-12-20 21:11:53 0 [Note] InnoDB: Loading buffer pool(s) from C:\xampp\mysql\data\ib_buffer_pool
2020-12-20 21:11:53 0 [Note] Plugin 'FEEDBACK' is disabled.
2020-12-20 21:11:53 0 [Note] InnoDB: Buffer pool(s) load completed at 201220 21:11:53
2020-12-20 21:11:53 0 [Note] Server socket created on IP: '::'.
